This is pdfTeX, Version 3.141592653-2.6-1.40.25 (TeX Live 2023) (preloaded format=pdflatex 2023.10.26)  27 OCT 2023 12:53
entering extended mode
 restricted \write18 enabled.
 %&-line parsing enabled.
**PIP-Methodology.tex
(./PIP-Methodology.tex
LaTeX2e <2023-06-01> patch level 1
L3 programming layer <2023-10-23>
(c:/Users/wb612474/AppData/Roaming/TinyTeX/texmf-dist/tex/latex/base/book.cls
Document Class: book 2023/05/17 v1.4n Standard LaTeX document class
(c:/Users/wb612474/AppData/Roaming/TinyTeX/texmf-dist/tex/latex/base/bk10.clo
File: bk10.clo 2023/05/17 v1.4n Standard LaTeX file (size option)
)
\c@part=\count186
\c@chapter=\count187
\c@section=\count188
\c@subsection=\count189
\c@subsubsection=\count190
\c@paragraph=\count191
\c@subparagraph=\count192
\c@figure=\count193
\c@table=\count194
\abovecaptionskip=\skip48
\belowcaptionskip=\skip49
\bibindent=\dimen140
) (c:/Users/wb612474/AppData/Roaming/TinyTeX/texmf-dist/tex/latex/amsmath/amsmath.sty
Package: amsmath 2023/05/13 v2.17o AMS math features
\@mathmargin=\skip50
For additional information on amsmath, use the `?' option.
(c:/Users/wb612474/AppData/Roaming/TinyTeX/texmf-dist/tex/latex/amsmath/amstext.sty
Package: amstext 2021/08/26 v2.01 AMS text
(c:/Users/wb612474/AppData/Roaming/TinyTeX/texmf-dist/tex/latex/amsmath/amsgen.sty
File: amsgen.sty 1999/11/30 v2.0 generic functions
\@emptytoks=\toks17
\ex@=\dimen141
)) (c:/Users/wb612474/AppData/Roaming/TinyTeX/texmf-dist/tex/latex/amsmath/amsbsy.sty
Package: amsbsy 1999/11/29 v1.2d Bold Symbols
\pmbraise@=\dimen142
) (c:/Users/wb612474/AppData/Roaming/TinyTeX/texmf-dist/tex/latex/amsmath/amsopn.sty
Package: amsopn 2022/04/08 v2.04 operator names
)
\inf@bad=\count195
LaTeX Info: Redefining \frac on input line 234.
\uproot@=\count196
\leftroot@=\count197
LaTeX Info: Redefining \overline on input line 399.
LaTeX Info: Redefining \colon on input line 410.
\classnum@=\count198
\DOTSCASE@=\count199
LaTeX Info: Redefining \ldots on input line 496.
LaTeX Info: Redefining \dots on input line 499.
LaTeX Info: Redefining \cdots on input line 620.
\Mathstrutbox@=\box51
\strutbox@=\box52
LaTeX Info: Redefining \big on input line 722.
LaTeX Info: Redefining \Big on input line 723.
LaTeX Info: Redefining \bigg on input line 724.
LaTeX Info: Redefining \Bigg on input line 725.
\big@size=\dimen143
LaTeX Font Info:    Redeclaring font encoding OML on input line 743.
LaTeX Font Info:    Redeclaring font encoding OMS on input line 744.
\macc@depth=\count266
LaTeX Info: Redefining \bmod on input line 905.
LaTeX Info: Redefining \pmod on input line 910.
LaTeX Info: Redefining \smash on input line 940.
LaTeX Info: Redefining \relbar on input line 970.
LaTeX Info: Redefining \Relbar on input line 971.
\c@MaxMatrixCols=\count267
\dotsspace@=\muskip16
\c@parentequation=\count268
\dspbrk@lvl=\count269
\tag@help=\toks18
\row@=\count270
\column@=\count271
\maxfields@=\count272
\andhelp@=\toks19
\eqnshift@=\dimen144
\alignsep@=\dimen145
\tagshift@=\dimen146
\tagwidth@=\dimen147
\totwidth@=\dimen148
\lineht@=\dimen149
\@envbody=\toks20
\multlinegap=\skip51
\multlinetaggap=\skip52
\mathdisplay@stack=\toks21
LaTeX Info: Redefining \[ on input line 2953.
LaTeX Info: Redefining \] on input line 2954.
) (c:/Users/wb612474/AppData/Roaming/TinyTeX/texmf-dist/tex/latex/amsfonts/amssymb.sty
Package: amssymb 2013/01/14 v3.01 AMS font symbols
(c:/Users/wb612474/AppData/Roaming/TinyTeX/texmf-dist/tex/latex/amsfonts/amsfonts.sty
Package: amsfonts 2013/01/14 v3.01 Basic AMSFonts support
\symAMSa=\mathgroup4
\symAMSb=\mathgroup5
LaTeX Font Info:    Redeclaring math symbol \hbar on input line 98.
LaTeX Font Info:    Overwriting math alphabet `\mathfrak' in version `bold'
(Font)                  U/euf/m/n --> U/euf/b/n on input line 106.
)) (c:/Users/wb612474/AppData/Roaming/TinyTeX/texmf-dist/tex/generic/iftex/iftex.sty
Package: iftex 2022/02/03 v1.0f TeX engine tests
) (c:/Users/wb612474/AppData/Roaming/TinyTeX/texmf-dist/tex/latex/base/fontenc.sty
Package: fontenc 2021/04/29 v2.0v Standard LaTeX package
) (c:/Users/wb612474/AppData/Roaming/TinyTeX/texmf-dist/tex/latex/base/inputenc.sty
Package: inputenc 2021/02/14 v1.3d Input encoding file
\inpenc@prehook=\toks22
\inpenc@posthook=\toks23
) (c:/Users/wb612474/AppData/Roaming/TinyTeX/texmf-dist/tex/latex/base/textcomp.sty
Package: textcomp 2020/02/02 v2.0n Standard LaTeX package
) (c:/Users/wb612474/AppData/Roaming/TinyTeX/texmf-dist/tex/latex/lm/lmodern.sty
Package: lmodern 2015/05/01 v1.6.1 Latin Modern Fonts
LaTeX Font Info:    Overwriting symbol font `operators' in version `normal'
(Font)                  OT1/cmr/m/n --> OT1/lmr/m/n on input line 22.
LaTeX Font Info:    Overwriting symbol font `letters' in version `normal'
(Font)                  OML/cmm/m/it --> OML/lmm/m/it on input line 23.
LaTeX Font Info:    Overwriting symbol font `symbols' in version `normal'
(Font)                  OMS/cmsy/m/n --> OMS/lmsy/m/n on input line 24.
LaTeX Font Info:    Overwriting symbol font `largesymbols' in version `normal'
(Font)                  OMX/cmex/m/n --> OMX/lmex/m/n on input line 25.
LaTeX Font Info:    Overwriting symbol font `operators' in version `bold'
(Font)                  OT1/cmr/bx/n --> OT1/lmr/bx/n on input line 26.
LaTeX Font Info:    Overwriting symbol font `letters' in version `bold'
(Font)                  OML/cmm/b/it --> OML/lmm/b/it on input line 27.
LaTeX Font Info:    Overwriting symbol font `symbols' in version `bold'
(Font)                  OMS/cmsy/b/n --> OMS/lmsy/b/n on input line 28.
LaTeX Font Info:    Overwriting symbol font `largesymbols' in version `bold'
(Font)                  OMX/cmex/m/n --> OMX/lmex/m/n on input line 29.
LaTeX Font Info:    Overwriting math alphabet `\mathbf' in version `normal'
(Font)                  OT1/cmr/bx/n --> OT1/lmr/bx/n on input line 31.
LaTeX Font Info:    Overwriting math alphabet `\mathsf' in version `normal'
(Font)                  OT1/cmss/m/n --> OT1/lmss/m/n on input line 32.
LaTeX Font Info:    Overwriting math alphabet `\mathit' in version `normal'
(Font)                  OT1/cmr/m/it --> OT1/lmr/m/it on input line 33.
LaTeX Font Info:    Overwriting math alphabet `\mathtt' in version `normal'
(Font)                  OT1/cmtt/m/n --> OT1/lmtt/m/n on input line 34.
LaTeX Font Info:    Overwriting math alphabet `\mathbf' in version `bold'
(Font)                  OT1/cmr/bx/n --> OT1/lmr/bx/n on input line 35.
LaTeX Font Info:    Overwriting math alphabet `\mathsf' in version `bold'
(Font)                  OT1/cmss/bx/n --> OT1/lmss/bx/n on input line 36.
LaTeX Font Info:    Overwriting math alphabet `\mathit' in version `bold'
(Font)                  OT1/cmr/bx/it --> OT1/lmr/bx/it on input line 37.
LaTeX Font Info:    Overwriting math alphabet `\mathtt' in version `bold'
(Font)                  OT1/cmtt/m/n --> OT1/lmtt/m/n on input line 38.
) (c:/Users/wb612474/AppData/Roaming/TinyTeX/texmf-dist/tex/latex/xcolor/xcolor.sty
Package: xcolor 2022/06/12 v2.14 LaTeX color extensions (UK)
(c:/Users/wb612474/AppData/Roaming/TinyTeX/texmf-dist/tex/latex/graphics-cfg/color.cfg
File: color.cfg 2016/01/02 v1.6 sample color configuration
)
Package xcolor Info: Driver file: pdftex.def on input line 227.
(c:/Users/wb612474/AppData/Roaming/TinyTeX/texmf-dist/tex/latex/graphics-def/pdftex.def
File: pdftex.def 2022/09/22 v1.2b Graphics/color driver for pdftex
) (c:/Users/wb612474/AppData/Roaming/TinyTeX/texmf-dist/tex/latex/graphics/mathcolor.ltx)
Package xcolor Info: Model `cmy' substituted by `cmy0' on input line 1353.
Package xcolor Info: Model `hsb' substituted by `rgb' on input line 1357.
Package xcolor Info: Model `RGB' extended on input line 1369.
Package xcolor Info: Model `HTML' substituted by `rgb' on input line 1371.
Package xcolor Info: Model `Hsb' substituted by `hsb' on input line 1372.
Package xcolor Info: Model `tHsb' substituted by `hsb' on input line 1373.
Package xcolor Info: Model `HSB' substituted by `hsb' on input line 1374.
Package xcolor Info: Model `Gray' substituted by `gray' on input line 1375.
Package xcolor Info: Model `wave' substituted by `hsb' on input line 1376.
(c:/Users/wb612474/AppData/Roaming/TinyTeX/texmf-dist/tex/latex/graphics/dvipsnam.def
File: dvipsnam.def 2016/06/17 v3.0m Driver-dependent file (DPC,SPQR)
) (c:/Users/wb612474/AppData/Roaming/TinyTeX/texmf-dist/tex/latex/xcolor/svgnam.def
File: svgnam.def 2022/06/12 v2.14 Predefined colors according to SVG 1.1 (UK)
) (c:/Users/wb612474/AppData/Roaming/TinyTeX/texmf-dist/tex/latex/xcolor/x11nam.def
File: x11nam.def 2022/06/12 v2.14 Predefined colors according to Unix/X11 (UK)
)) (c:/Users/wb612474/AppData/Roaming/TinyTeX/texmf-dist/tex/latex/tools/longtable.sty
Package: longtable 2021-09-01 v4.17 Multi-page Table package (DPC)
\LTleft=\skip53
\LTright=\skip54
\LTpre=\skip55
\LTpost=\skip56
\LTchunksize=\count273
\LTcapwidth=\dimen150
\LT@head=\box53
\LT@firsthead=\box54
\LT@foot=\box55
\LT@lastfoot=\box56
\LT@gbox=\box57
\LT@cols=\count274
\LT@rows=\count275
\c@LT@tables=\count276
\c@LT@chunks=\count277
\LT@p@ftn=\toks24
) (c:/Users/wb612474/AppData/Roaming/TinyTeX/texmf-dist/tex/latex/booktabs/booktabs.sty
Package: booktabs 2020/01/12 v1.61803398 Publication quality tables
\heavyrulewidth=\dimen151
\lightrulewidth=\dimen152
\cmidrulewidth=\dimen153
\belowrulesep=\dimen154
\belowbottomsep=\dimen155
\aboverulesep=\dimen156
\abovetopsep=\dimen157
\cmidrulesep=\dimen158
\cmidrulekern=\dimen159
\defaultaddspace=\dimen160
\@cmidla=\count278
\@cmidlb=\count279
\@aboverulesep=\dimen161
\@belowrulesep=\dimen162
\@thisruleclass=\count280
\@lastruleclass=\count281
\@thisrulewidth=\dimen163
) (c:/Users/wb612474/AppData/Roaming/TinyTeX/texmf-dist/tex/latex/tools/array.sty
Package: array 2022/09/04 v2.5g Tabular extension package (FMi)
\col@sep=\dimen164
\ar@mcellbox=\box58
\extrarowheight=\dimen165
\NC@list=\toks25
\extratabsurround=\skip57
\backup@length=\skip58
\ar@cellbox=\box59
) (c:/Users/wb612474/AppData/Roaming/TinyTeX/texmf-dist/tex/latex/tools/calc.sty
Package: calc 2017/05/25 v4.3 Infix arithmetic (KKT,FJ)
\calc@Acount=\count282
\calc@Bcount=\count283
\calc@Adimen=\dimen166
\calc@Bdimen=\dimen167
\calc@Askip=\skip59
\calc@Bskip=\skip60
LaTeX Info: Redefining \setlength on input line 80.
LaTeX Info: Redefining \addtolength on input line 81.
\calc@Ccount=\count284
\calc@Cskip=\skip61
) (c:/Users/wb612474/AppData/Roaming/TinyTeX/texmf-dist/tex/latex/etoolbox/etoolbox.sty
Package: etoolbox 2020/10/05 v2.5k e-TeX tools for LaTeX (JAW)
\etb@tempcnta=\count285
) (c:/Users/wb612474/AppData/Roaming/TinyTeX/texmf-dist/tex/latex/mdwtools/footnote.sty
Package: footnote 1997/01/28 1.13 Save footnotes around boxes
\fn@notes=\box60
\fn@width=\dimen168
) (c:/Users/wb612474/AppData/Roaming/TinyTeX/texmf-dist/tex/latex/graphics/graphicx.sty
Package: graphicx 2021/09/16 v1.2d Enhanced LaTeX Graphics (DPC,SPQR)
(c:/Users/wb612474/AppData/Roaming/TinyTeX/texmf-dist/tex/latex/graphics/keyval.sty
Package: keyval 2022/05/29 v1.15 key=value parser (DPC)
\KV@toks@=\toks26
) (c:/Users/wb612474/AppData/Roaming/TinyTeX/texmf-dist/tex/latex/graphics/graphics.sty
Package: graphics 2022/03/10 v1.4e Standard LaTeX Graphics (DPC,SPQR)
(c:/Users/wb612474/AppData/Roaming/TinyTeX/texmf-dist/tex/latex/graphics/trig.sty
Package: trig 2021/08/11 v1.11 sin cos tan (DPC)
) (c:/Users/wb612474/AppData/Roaming/TinyTeX/texmf-dist/tex/latex/graphics-cfg/graphics.cfg
File: graphics.cfg 2016/06/04 v1.11 sample graphics configuration
)
Package graphics Info: Driver file: pdftex.def on input line 107.
)
\Gin@req@height=\dimen169
\Gin@req@width=\dimen170
)
\cslhangindent=\skip62
\csllabelwidth=\skip63
\cslentryspacingunit=\skip64
(c:/Users/wb612474/AppData/Roaming/TinyTeX/texmf-dist/tex/latex/hyperref/hyperref.sty
Package: hyperref 2023-10-21 v7.01c Hypertext links for LaTeX
(c:/Users/wb612474/AppData/Roaming/TinyTeX/texmf-dist/tex/generic/ltxcmds/ltxcmds.sty
Package: ltxcmds 2020-05-10 v1.25 LaTeX kernel commands for general use (HO)
) (c:/Users/wb612474/AppData/Roaming/TinyTeX/texmf-dist/tex/generic/pdftexcmds/pdftexcmds.sty
Package: pdftexcmds 2020-06-27 v0.33 Utility functions of pdfTeX for LuaTeX (HO)
(c:/Users/wb612474/AppData/Roaming/TinyTeX/texmf-dist/tex/generic/infwarerr/infwarerr.sty
Package: infwarerr 2019/12/03 v1.5 Providing info/warning/error messages (HO)
)
Package pdftexcmds Info: \pdf@primitive is available.
Package pdftexcmds Info: \pdf@ifprimitive is available.
Package pdftexcmds Info: \pdfdraftmode found.
) (c:/Users/wb612474/AppData/Roaming/TinyTeX/texmf-dist/tex/latex/kvsetkeys/kvsetkeys.sty
Package: kvsetkeys 2022-10-05 v1.19 Key value parser (HO)
) (c:/Users/wb612474/AppData/Roaming/TinyTeX/texmf-dist/tex/generic/kvdefinekeys/kvdefinekeys.sty
Package: kvdefinekeys 2019-12-19 v1.6 Define keys (HO)
) (c:/Users/wb612474/AppData/Roaming/TinyTeX/texmf-dist/tex/generic/pdfescape/pdfescape.sty
Package: pdfescape 2019/12/09 v1.15 Implements pdfTeX's escape features (HO)
) (c:/Users/wb612474/AppData/Roaming/TinyTeX/texmf-dist/tex/latex/hycolor/hycolor.sty
Package: hycolor 2020-01-27 v1.10 Color options for hyperref/bookmark (HO)
) (c:/Users/wb612474/AppData/Roaming/TinyTeX/texmf-dist/tex/latex/letltxmacro/letltxmacro.sty
Package: letltxmacro 2019/12/03 v1.6 Let assignment for LaTeX macros (HO)
) (c:/Users/wb612474/AppData/Roaming/TinyTeX/texmf-dist/tex/latex/auxhook/auxhook.sty
Package: auxhook 2019-12-17 v1.6 Hooks for auxiliary files (HO)
) (c:/Users/wb612474/AppData/Roaming/TinyTeX/texmf-dist/tex/latex/hyperref/nameref.sty
Package: nameref 2023-10-05 v2.54 Cross-referencing by name of section
(c:/Users/wb612474/AppData/Roaming/TinyTeX/texmf-dist/tex/latex/refcount/refcount.sty
Package: refcount 2019/12/15 v3.6 Data extraction from label references (HO)
) (c:/Users/wb612474/AppData/Roaming/TinyTeX/texmf-dist/tex/generic/gettitlestring/gettitlestring.sty
Package: gettitlestring 2019/12/15 v1.6 Cleanup title references (HO)
(c:/Users/wb612474/AppData/Roaming/TinyTeX/texmf-dist/tex/latex/kvoptions/kvoptions.sty
Package: kvoptions 2022-06-15 v3.15 Key value format for package options (HO)
))
\c@section@level=\count286
)
\@linkdim=\dimen171
\Hy@linkcounter=\count287
\Hy@pagecounter=\count288
(c:/Users/wb612474/AppData/Roaming/TinyTeX/texmf-dist/tex/latex/hyperref/pd1enc.def
File: pd1enc.def 2023-10-21 v7.01c Hyperref: PDFDocEncoding definition (HO)
Now handling font encoding PD1 ...
... no UTF-8 mapping file for font encoding PD1
) (c:/Users/wb612474/AppData/Roaming/TinyTeX/texmf-dist/tex/generic/intcalc/intcalc.sty
Package: intcalc 2019/12/15 v1.3 Expandable calculations with integers (HO)
)
\Hy@SavedSpaceFactor=\count289
(c:/Users/wb612474/AppData/Roaming/TinyTeX/texmf-dist/tex/latex/hyperref/puenc.def
File: puenc.def 2023-10-21 v7.01c Hyperref: PDF Unicode definition (HO)
Now handling font encoding PU ...
... no UTF-8 mapping file for font encoding PU
)
Package hyperref Info: Option `unicode' set `true' on input line 4051.
Package hyperref Info: Hyper figures OFF on input line 4168.
Package hyperref Info: Link nesting OFF on input line 4173.
Package hyperref Info: Hyper index ON on input line 4176.
Package hyperref Info: Plain pages OFF on input line 4183.
Package hyperref Info: Backreferencing OFF on input line 4188.
Package hyperref Info: Implicit mode ON; LaTeX internals redefined.
Package hyperref Info: Bookmarks ON on input line 4435.
\c@Hy@tempcnt=\count290
(c:/Users/wb612474/AppData/Roaming/TinyTeX/texmf-dist/tex/latex/url/url.sty
\Urlmuskip=\muskip17
Package: url 2013/09/16  ver 3.4  Verb mode for urls, etc.
)
LaTeX Info: Redefining \url on input line 4773.
\XeTeXLinkMargin=\dimen172
(c:/Users/wb612474/AppData/Roaming/TinyTeX/texmf-dist/tex/generic/bitset/bitset.sty
Package: bitset 2019/12/09 v1.3 Handle bit-vector datatype (HO)
(c:/Users/wb612474/AppData/Roaming/TinyTeX/texmf-dist/tex/generic/bigintcalc/bigintcalc.sty
Package: bigintcalc 2019/12/15 v1.5 Expandable calculations on big integers (HO)
))
\Fld@menulength=\count291
\Field@Width=\dimen173
\Fld@charsize=\dimen174
Package hyperref Info: Hyper figures OFF on input line 6052.
Package hyperref Info: Link nesting OFF on input line 6057.
Package hyperref Info: Hyper index ON on input line 6060.
Package hyperref Info: backreferencing OFF on input line 6067.
Package hyperref Info: Link coloring OFF on input line 6072.
Package hyperref Info: Link coloring with OCG OFF on input line 6077.
Package hyperref Info: PDF/A mode OFF on input line 6082.
(c:/Users/wb612474/AppData/Roaming/TinyTeX/texmf-dist/tex/latex/base/atbegshi-ltx.sty
Package: atbegshi-ltx 2021/01/10 v1.0c Emulation of the original atbegshi
package with kernel methods
)
\Hy@abspage=\count292
\c@Item=\count293
\c@Hfootnote=\count294
)
Package hyperref Info: Driver (autodetected): hpdftex.
(c:/Users/wb612474/AppData/Roaming/TinyTeX/texmf-dist/tex/latex/hyperref/hpdftex.def
File: hpdftex.def 2023-10-21 v7.01c Hyperref driver for pdfTeX
(c:/Users/wb612474/AppData/Roaming/TinyTeX/texmf-dist/tex/latex/base/atveryend-ltx.sty
Package: atveryend-ltx 2020/08/19 v1.0a Emulation of the original atveryend package
with kernel methods
)
\Fld@listcount=\count295
\c@bookmark@seq@number=\count296
(c:/Users/wb612474/AppData/Roaming/TinyTeX/texmf-dist/tex/latex/rerunfilecheck/rerunfilecheck.sty
Package: rerunfilecheck 2022-07-10 v1.10 Rerun checks for auxiliary files (HO)
(c:/Users/wb612474/AppData/Roaming/TinyTeX/texmf-dist/tex/generic/uniquecounter/uniquecounter.sty
Package: uniquecounter 2019/12/15 v1.4 Provide unlimited unique counter (HO)
)
Package uniquecounter Info: New unique counter `rerunfilecheck' on input line 285.
)
\Hy@SectionHShift=\skip65
)
LaTeX Info: Redefining \href on input line 97.
Package hyperref Info: Option `colorlinks' set `true' on input line 105.
LaTeX Font Info:    Trying to load font information for T1+lmr on input line 111.
(c:/Users/wb612474/AppData/Roaming/TinyTeX/texmf-dist/tex/latex/lm/t1lmr.fd
File: t1lmr.fd 2015/05/01 v1.6.1 Font defs for Latin Modern
) (c:/Users/wb612474/AppData/Roaming/TinyTeX/texmf-dist/tex/latex/l3backend/l3backend-pdftex.def
File: l3backend-pdftex.def 2023-10-23 L3 backend support: PDF output (pdfTeX)
\l__color_backend_stack_int=\count297
\l__pdf_internal_box=\box61
) (./PIP-Methodology.aux)
\openout1 = `PIP-Methodology.aux'.

LaTeX Font Info:    Checking defaults for OML/cmm/m/it on input line 111.
LaTeX Font Info:    ... okay on input line 111.
LaTeX Font Info:    Checking defaults for OMS/cmsy/m/n on input line 111.
LaTeX Font Info:    ... okay on input line 111.
LaTeX Font Info:    Checking defaults for OT1/cmr/m/n on input line 111.
LaTeX Font Info:    ... okay on input line 111.
LaTeX Font Info:    Checking defaults for T1/cmr/m/n on input line 111.
LaTeX Font Info:    ... okay on input line 111.
LaTeX Font Info:    Checking defaults for TS1/cmr/m/n on input line 111.
LaTeX Font Info:    ... okay on input line 111.
LaTeX Font Info:    Checking defaults for OMX/cmex/m/n on input line 111.
LaTeX Font Info:    ... okay on input line 111.
LaTeX Font Info:    Checking defaults for U/cmr/m/n on input line 111.
LaTeX Font Info:    ... okay on input line 111.
LaTeX Font Info:    Checking defaults for PD1/pdf/m/n on input line 111.
LaTeX Font Info:    ... okay on input line 111.
LaTeX Font Info:    Checking defaults for PU/pdf/m/n on input line 111.
LaTeX Font Info:    ... okay on input line 111.
(c:/Users/wb612474/AppData/Roaming/TinyTeX/texmf-dist/tex/latex/epstopdf-pkg/epstopdf-base.sty
Package: epstopdf-base 2020-01-24 v2.11 Base part for package epstopdf
Package epstopdf-base Info: Redefining graphics rule for `.eps' on input line 485.
(c:/Users/wb612474/AppData/Roaming/TinyTeX/texmf-dist/tex/latex/latexconfig/epstopdf-sys.cfg
File: epstopdf-sys.cfg 2010/07/13 v1.3 Configuration of (r)epstopdf for TeX Live
))
Package hyperref Info: Link coloring ON on input line 111.
(./PIP-Methodology.out) (./PIP-Methodology.out)
\@outlinefile=\write3
\openout3 = `PIP-Methodology.out'.

LaTeX Font Info:    Trying to load font information for OT1+lmr on input line 113.
(c:/Users/wb612474/AppData/Roaming/TinyTeX/texmf-dist/tex/latex/lm/ot1lmr.fd
File: ot1lmr.fd 2015/05/01 v1.6.1 Font defs for Latin Modern
)
LaTeX Font Info:    Trying to load font information for OML+lmm on input line 113.
(c:/Users/wb612474/AppData/Roaming/TinyTeX/texmf-dist/tex/latex/lm/omllmm.fd
File: omllmm.fd 2015/05/01 v1.6.1 Font defs for Latin Modern
)
LaTeX Font Info:    Trying to load font information for OMS+lmsy on input line 113.
(c:/Users/wb612474/AppData/Roaming/TinyTeX/texmf-dist/tex/latex/lm/omslmsy.fd
File: omslmsy.fd 2015/05/01 v1.6.1 Font defs for Latin Modern
)
LaTeX Font Info:    Trying to load font information for OMX+lmex on input line 113.
(c:/Users/wb612474/AppData/Roaming/TinyTeX/texmf-dist/tex/latex/lm/omxlmex.fd
File: omxlmex.fd 2015/05/01 v1.6.1 Font defs for Latin Modern
)
LaTeX Font Info:    External font `lmex10' loaded for size
(Font)              <12> on input line 113.
LaTeX Font Info:    External font `lmex10' loaded for size
(Font)              <8> on input line 113.
LaTeX Font Info:    External font `lmex10' loaded for size
(Font)              <6> on input line 113.
LaTeX Font Info:    Trying to load font information for U+msa on input line 113.
(c:/Users/wb612474/AppData/Roaming/TinyTeX/texmf-dist/tex/latex/amsfonts/umsa.fd
File: umsa.fd 2013/01/14 v3.01 AMS symbols A
)
LaTeX Font Info:    Trying to load font information for U+msb on input line 113.
(c:/Users/wb612474/AppData/Roaming/TinyTeX/texmf-dist/tex/latex/amsfonts/umsb.fd
File: umsb.fd 2013/01/14 v3.01 AMS symbols B
) [1


{c:/Users/wb612474/AppData/Roaming/TinyTeX/texmf-var/fonts/map/pdftex/updmap/pdftex.map}{c:/Users/wb612474/AppData/Roaming/TinyTeX/texmf-dist/fonts/enc/dvips/lm/lm-ec.enc}] [2

]
LaTeX Font Info:    External font `lmex10' loaded for size
(Font)              <10> on input line 121.
LaTeX Font Info:    External font `lmex10' loaded for size
(Font)              <7> on input line 121.
LaTeX Font Info:    External font `lmex10' loaded for size
(Font)              <5> on input line 121.
[3] [4

]

Package hyperref Warning: Token not allowed in a PDF string (Unicode):
(hyperref)                removing `\<let>-command' on input line 154.


Package hyperref Warning: Token not allowed in a PDF string (Unicode):
(hyperref)                removing `\Hy@reserved@a' on input line 154.


Package hyperref Warning: Token not allowed in a PDF string (Unicode):
(hyperref)                removing `\@ifnextchar' on input line 154.


Underfull \hbox (badness 10000) in paragraph at lines 165--165
[][][][][]$\T1/lmr/m/n/8 https : / / ec . europa . eu / eurostat / web / microdata / european -[] union -[] statistics -[] on -[] income -[]
 []


Package hyperref Warning: Token not allowed in a PDF string (Unicode):
(hyperref)                removing `\<let>-command' on input line 174.


Package hyperref Warning: Token not allowed in a PDF string (Unicode):
(hyperref)                removing `\@ifnextchar' on input line 174.


Underfull \vbox (badness 2828) has occurred while \output is active []

[5]

Package hyperref Warning: Token not allowed in a PDF string (Unicode):
(hyperref)                removing `\<let>-command' on input line 191.


Package hyperref Warning: Token not allowed in a PDF string (Unicode):
(hyperref)                removing `\@ifnextchar' on input line 191.


Package hyperref Warning: Token not allowed in a PDF string (Unicode):
(hyperref)                removing `\<let>-command' on input line 207.


Package hyperref Warning: Token not allowed in a PDF string (Unicode):
(hyperref)                removing `\@ifnextchar' on input line 207.


Package hyperref Warning: Token not allowed in a PDF string (Unicode):
(hyperref)                removing `\<let>-command' on input line 218.


Package hyperref Warning: Token not allowed in a PDF string (Unicode):
(hyperref)                removing `\@ifnextchar' on input line 218.

[6] [7] [8

]
Chapter 1.

Underfull \hbox (badness 10000) in paragraph at lines 248--248
[][][][][]$\T1/lmr/m/n/8 https : / / ec . europa . eu / eurostat / web / microdata / european -[] union -[] statistics -[] on -[] income -[]
 []

[9] [10] [11] [12]
Chapter 2.
[13

] [14] [15] [16] [17]
Overfull \hbox (41.79466pt too wide) in paragraph at lines 388--388
[][][][][]$\T1/lmr/m/n/8 https : / / github . com / PIP -[] Technical -[] Team / wbpip / blob / 0cf9aa7bc168400ecf78ae5455f4c4247b841e9d /
 []


Overfull \hbox (41.79466pt too wide) in paragraph at lines 388--388
[][][][][]$\T1/lmr/m/n/8 https : / / github . com / PIP -[] Technical -[] Team / wbpip / blob / 0cf9aa7bc168400ecf78ae5455f4c4247b841e9d /
 []

[18]
LaTeX Font Info:    Trying to load font information for T1+lmtt on input line 409.
(c:/Users/wb612474/AppData/Roaming/TinyTeX/texmf-dist/tex/latex/lm/t1lmtt.fd
File: t1lmtt.fd 2015/05/01 v1.6.1 Font defs for Latin Modern
) [19{c:/Users/wb612474/AppData/Roaming/TinyTeX/texmf-dist/fonts/enc/dvips/lm/lm-mathit.enc}{c:/Users/wb612474/AppData/Roaming/TinyTeX/texmf-dist/fonts/enc/dvips/lm/lm-rm.enc}{c:/Users/wb612474/AppData/Roaming/TinyTeX/texmf-dist/fonts/enc/dvips/lm/lm-mathsy.enc}] [20]
Chapter 3.

Underfull \hbox (badness 10000) in paragraph at lines 423--423
[][][][][]$\T1/lmr/m/n/8 https : / / www . imf . org / en / Publications / SPROLLs / world -[] economic -[] outlook -[] databases #
 []

[21

] [22] [23] [24]
Chapter 4.

Underfull \hbox (badness 10000) in paragraph at lines 466--466
[][][][][]$\T1/lmr/m/n/8 https : / / github . com / PIP -[] Technical -[] Team / wbpip / blob / master / R / md _ compute _
 []


Overfull \hbox (41.79466pt too wide) in paragraph at lines 466--466
[][][][][]$\T1/lmr/m/n/8 https : / / github . com / PIP -[] Technical -[] Team / wbpip / blob / 0cf9aa7bc168400ecf78ae5455f4c4247b841e9d /
 []

[25

{c:/Users/wb612474/AppData/Roaming/TinyTeX/texmf-dist/fonts/enc/dvips/lm/lm-mathex.enc}]
Overfull \hbox (41.79466pt too wide) in paragraph at lines 474--474
[][][][][]$\T1/lmr/m/n/8 https : / / github . com / PIP -[] Technical -[] Team / wbpip / blob / 0cf9aa7bc168400ecf78ae5455f4c4247b841e9d /
 []


Underfull \hbox (badness 10000) in paragraph at lines 482--482
[][][][][]$\T1/lmr/m/n/8 https : / / github . com / PIP -[] Technical -[] Team / wbpip / blob / master / R / md _ compute _
 []


LaTeX Warning: Command \texttimes invalid in math mode on input line 484.

LaTeX Font Info:    Trying to load font information for TS1+lmr on input line 484.
(c:/Users/wb612474/AppData/Roaming/TinyTeX/texmf-dist/tex/latex/lm/ts1lmr.fd
File: ts1lmr.fd 2015/05/01 v1.6.1 Font defs for Latin Modern
)

LaTeX Warning: Command \texttimes invalid in math mode on input line 484.


Overfull \hbox (41.79466pt too wide) in paragraph at lines 486--486
[][][][][]$\T1/lmr/m/n/8 https : / / github . com / PIP -[] Technical -[] Team / wbpip / blob / 0cf9aa7bc168400ecf78ae5455f4c4247b841e9d /
 []


Overfull \hbox (41.79466pt too wide) in paragraph at lines 486--486
[][][][][]$\T1/lmr/m/n/8 https : / / github . com / PIP -[] Technical -[] Team / wbpip / blob / 0cf9aa7bc168400ecf78ae5455f4c4247b841e9d /
 []


Underfull \hbox (badness 10000) in paragraph at lines 494--494
[][][][][]$\T1/lmr/m/n/8 https : / / github . com / PIP -[] Technical -[] Team / wbpip / blob / master / R / md _ compute _
 []


Overfull \hbox (71.63435pt too wide) has occurred while \output is active
\T1/lmr/m/n/10 26 \T1/lmr/m/sl/10 CHAPTER 4.  CALCULATING SURVEY ESTIMATES OF POVERTY AND INEQUALITY
 []

[26]
Overfull \hbox (41.79466pt too wide) in paragraph at lines 500--500
[][][][][]$\T1/lmr/m/n/8 https : / / github . com / PIP -[] Technical -[] Team / wbpip / blob / 0cf9aa7bc168400ecf78ae5455f4c4247b841e9d /
 []


Overfull \hbox (41.79466pt too wide) in paragraph at lines 508--508
[][][][][]$\T1/lmr/m/n/8 https : / / github . com / PIP -[] Technical -[] Team / wbpip / blob / 0cf9aa7bc168400ecf78ae5455f4c4247b841e9d /
 []


Overfull \hbox (294.15564pt too wide) detected at line 512
\OML/lmm/m/it/10 P[] \OT1/lmr/m/n/10 = (1 \OMS/lmsy/m/n/10 ^^@ \OML/lmm/m/it/10 ^^V=z\OT1/lmr/m/n/10 ) [] []                + \OML/lmm/m/it/10 ^^R[] [][] []
 []


Underfull \hbox (badness 10000) in paragraph at lines 522--522
[][][][][]$\T1/lmr/m/n/8 https : / / github . com / PIP -[] Technical -[] Team / wbpip / blob / master / R / md _ compute _
 []


Overfull \hbox (41.79466pt too wide) in paragraph at lines 522--522
[][][][][]$\T1/lmr/m/n/8 https : / / github . com / PIP -[] Technical -[] Team / wbpip / blob / 0cf9aa7bc168400ecf78ae5455f4c4247b841e9d /
 []


Underfull \hbox (badness 10000) in paragraph at lines 522--522
[][][][][]$\T1/lmr/m/n/8 https : / / github . com / PIP -[] Technical -[] Team / wbpip / blob / master / R / gd _ compute _ pip _
 []

[27]
Overfull \hbox (71.63435pt too wide) has occurred while \output is active
\T1/lmr/m/n/10 28 \T1/lmr/m/sl/10 CHAPTER 4.  CALCULATING SURVEY ESTIMATES OF POVERTY AND INEQUALITY
 []

[28]
Overfull \hbox (8.42984pt too wide) in paragraph at lines 560--561
[]\T1/lmr/m/n/10 Weight  
 []

[29]
Overfull \hbox (41.79466pt too wide) in paragraph at lines 589--589
[][][][][]$\T1/lmr/m/n/8 https : / / github . com / PIP -[] Technical -[] Team / wbpip / blob / 0cf9aa7bc168400ecf78ae5455f4c4247b841e9d /
 []


Overfull \hbox (41.79466pt too wide) in paragraph at lines 598--598
[][][][][]$\T1/lmr/m/n/8 https : / / github . com / PIP -[] Technical -[] Team / wbpip / blob / 0cf9aa7bc168400ecf78ae5455f4c4247b841e9d /
 []


Overfull \hbox (41.79466pt too wide) in paragraph at lines 610--610
[][][][][]$\T1/lmr/m/n/8 https : / / github . com / PIP -[] Technical -[] Team / wbpip / blob / 0cf9aa7bc168400ecf78ae5455f4c4247b841e9d /
 []


Overfull \hbox (41.79466pt too wide) in paragraph at lines 610--610
[][][][][]$\T1/lmr/m/n/8 https : / / github . com / PIP -[] Technical -[] Team / wbpip / blob / 0cf9aa7bc168400ecf78ae5455f4c4247b841e9d /
 []


Overfull \hbox (71.63435pt too wide) has occurred while \output is active
\T1/lmr/m/n/10 30 \T1/lmr/m/sl/10 CHAPTER 4.  CALCULATING SURVEY ESTIMATES OF POVERTY AND INEQUALITY
 []

[30]
Underfull \hbox (badness 10000) in paragraph at lines 614--614
[][][][][]$\T1/lmr/m/n/8 https : / / github . com / PIP -[] Technical -[] Team / wbpip / blob / master / R / md _ compute _
 []


Overfull \hbox (41.79466pt too wide) in paragraph at lines 614--614
[][][][][]$\T1/lmr/m/n/8 https : / / github . com / PIP -[] Technical -[] Team / wbpip / blob / 0cf9aa7bc168400ecf78ae5455f4c4247b841e9d /
 []


Overfull \hbox (41.79466pt too wide) in paragraph at lines 614--614
[][][][][]$\T1/lmr/m/n/8 https : / / github . com / PIP -[] Technical -[] Team / wbpip / blob / 0cf9aa7bc168400ecf78ae5455f4c4247b841e9d /
 []

[31]
Overfull \hbox (71.63435pt too wide) has occurred while \output is active
\T1/lmr/m/n/10 32 \T1/lmr/m/sl/10 CHAPTER 4.  CALCULATING SURVEY ESTIMATES OF POVERTY AND INEQUALITY
 []

[32]
Underfull \hbox (badness 10000) in paragraph at lines 678--678
[][][][][]$\T1/lmr/m/n/8 https : / / www . worldbank . org / en / topic / poverty / brief / global -[] database -[] of -[] shared -[]
 []

[33]
Overfull \hbox (71.63435pt too wide) has occurred while \output is active
\T1/lmr/m/n/10 34 \T1/lmr/m/sl/10 CHAPTER 4.  CALCULATING SURVEY ESTIMATES OF POVERTY AND INEQUALITY
 []

[34]
Chapter 5.

Underfull \hbox (badness 10000) in paragraph at lines 699--699
[][][][][]$\T1/lmr/m/n/8 https : / / github . com / PIP -[] Technical -[] Team / wbpip / blob / master / R / predict _ request _
 []

[35

]
<figures/ETHdist_example.png, id=701, 722.7pt x 578.16pt>
File: figures/ETHdist_example.png Graphic file (type png)
<use figures/ETHdist_example.png>
Package pdftex.def Info: figures/ETHdist_example.png  used on input line 712.
(pdftex.def)             Requested size: 344.99533pt x 275.99626pt.

Underfull \vbox (badness 10000) has occurred while \output is active []

[36 <./figures/ETHdist_example.png>] [37]
Overfull \hbox (54.31248pt too wide) detected at line 746
\OML/lmm/m/it/10 P[] \OT1/lmr/m/n/10 = []
 []

[38]
<figures/Income consumption decision tree.jpg, id=745, 602.25pt x 355.3275pt>
File: figures/Income consumption decision tree.jpg Graphic file (type jpg)
<use figures/Income consumption decision tree.jpg>
Package pdftex.def Info: figures/Income consumption decision tree.jpg  used on input line 769.
(pdftex.def)             Requested size: 345.0137pt x 203.55807pt.

Underfull \vbox (badness 10000) has occurred while \output is active []


Overfull \hbox (6.22035pt too wide) has occurred while \output is active
\T1/lmr/m/sl/10 5.4.  CHOOSING BETWEEN CONSUMPTION AND INCOME ESTIMATES \T1/lmr/m/n/10 39
 []

[39]
Underfull \hbox (badness 10000) in paragraph at lines 774--774
[][][][][]$\T1/lmr/m/n/8 https : / / datahelpdesk . worldbank . org / knowledgebase / articles / 906519 -[] world -[] bank -[]
 []

[40{c:/Users/wb612474/AppData/Roaming/TinyTeX/texmf-dist/fonts/enc/dvips/lm/lm-ts1.enc} <./figures/Income consumption decision tree.jpg>] [41]
Underfull \hbox (badness 10000) in paragraph at lines 812--812
[][][][][]$\T1/lmr/m/n/8 https : / / datahelpdesk . worldbank . org / knowledgebase / articles / 906519 -[] world -[] bank -[]
 []

[42]
Underfull \hbox (badness 1342) in paragraph at lines 818--820
\T1/lmr/m/n/10 Emma San-tos, and Suman Seth. 2015. \T1/lmr/m/it/10 Mul-ti-di-men-sional Poverty
 []


Underfull \hbox (badness 2221) in paragraph at lines 818--820
\T1/lmr/m/it/10 Mea-sure-ment and Anal-y-sis\T1/lmr/m/n/10 . Ox-ford Uni-ver-sity Press, USA. [][]$https :
 []


Underfull \hbox (badness 5331) in paragraph at lines 821--823
[]\T1/lmr/m/n/10 Arayavechkit, Tanida, Aziz Ata-manov, Karen Bar-reto Her-rera, Na-
 []


Underfull \hbox (badness 3168) in paragraph at lines 821--823
\T1/lmr/m/n/10 dia Bel-haj Has-sine Bel-ghith, R. An-dres Cas-taneda Aguilar, Tony
 []


Underfull \hbox (badness 2302) in paragraph at lines 821--823
\T1/lmr/m/n/10 Fujs, Reno Dewina, et al. 2021. ``March 2021 Pov-cal-Net Up-
 []


Underfull \hbox (badness 1009) in paragraph at lines 824--826
\T1/lmr/m/n/10 Plat-form (PIP): What's New.'' \T1/lmr/m/it/10 Global Poverty Mon-i-tor-ing Tech-ni-cal
 []

[43]
Underfull \hbox (badness 1137) in paragraph at lines 839--841
[]\T1/lmr/m/n/10 Castaneda Aguilar, R. An-dres, Car-olina Diaz-Bonilla, Tony Fujs, Dean
 []


Underfull \hbox (badness 1264) in paragraph at lines 839--841
\T1/lmr/m/n/10 Jol-liffe, Aphi-choke Kotikula, Christoph Lakner, Gabriel Lara Ibarra,
 []


Underfull \hbox (badness 1178) in paragraph at lines 854--856
\T1/lmr/m/n/10 Anal-y-sis.'' [][]$http : / / ebrary . ifpri . org / utils / get^^\le / collection / p15738coll2 / id /
 []

[44]
Underfull \hbox (badness 1048) in paragraph at lines 881--883
\T1/lmr/m/n/10 Mea-sure-ment.'' \T1/lmr/m/it/10 Global Poverty Mon-i-tor-ing Tech-ni-cal Note \T1/lmr/m/n/10 4. [][]$http :
 []


Underfull \hbox (badness 10000) in paragraph at lines 881--883
\T1/lmr/m/n/10 / / documents . worldbank . org / curated / en / 215371537208860890 / Consumer -[]
 []


Underfull \hbox (badness 1661) in paragraph at lines 884--886
[]\T1/lmr/m/n/10 Lanjouw, Pe-ter, and Mar-tin Raval-lion. 1995. ``Poverty and House-
 []


Underfull \hbox (badness 2221) in paragraph at lines 884--886
\T1/lmr/m/n/10 hold Size.'' \T1/lmr/m/it/10 The Eco-nomic Jour-nal \T1/lmr/m/n/10 105 (433): 1415--34. [][]$https :
 []


Underfull \hbox (badness 4441) in paragraph at lines 887--889
\T1/lmr/m/it/10 Bank Group, Wash-ing-ton, DC\T1/lmr/m/n/10 . [][]$https : / / documents . worldbank . org / en /
 []


Underfull \hbox (badness 10000) in paragraph at lines 887--889
\T1/lmr/m/n/10 publication / documents -[] reports / documentdetail / 099225003092220001 /
 []

[45] [46] (./PIP-Methodology.aux)
 ***********
LaTeX2e <2023-06-01> patch level 1
L3 programming layer <2023-10-23>
 ***********
Package rerunfilecheck Info: File `PIP-Methodology.out' has not changed.
(rerunfilecheck)             Checksum: 3F7A8420B8E6AA9AC53F8BEFB4382A80;9454.
 ) 
Here is how much of TeX's memory you used:
 11513 strings out of 476358
 178283 string characters out of 5797580
 1949036 words of memory out of 5000000
 32916 multiletter control sequences out of 15000+600000
 636068 words of font info for 87 fonts, out of 8000000 for 9000
 14 hyphenation exceptions out of 8191
 75i,12n,79p,1342b,539s stack positions out of 10000i,1000n,20000p,200000b,200000s

pdfTeX warning (dest): name{interpolation} has been referenced but does not exist, replaced by a fixed one

<c:/Users/wb612474/AppData/Roaming/TinyTeX/texmf-dist/fonts/type1/public/lm/lmbx10.pfb><c:/Users/wb612474/AppData/Roaming/TinyTeX/texmf-dist/fonts/type1/public/lm/lmbx12.pfb><c:/Users/wb612474/AppData/Roaming/TinyTeX/texmf-dist/fonts/type1/public/lm/lmex10.pfb><c:/Users/wb612474/AppData/Roaming/TinyTeX/texmf-dist/fonts/type1/public/lm/lmmi10.pfb><c:/Users/wb612474/AppData/Roaming/TinyTeX/texmf-dist/fonts/type1/public/lm/lmmi5.pfb><c:/Users/wb612474/AppData/Roaming/TinyTeX/texmf-dist/fonts/type1/public/lm/lmmi7.pfb><c:/Users/wb612474/AppData/Roaming/TinyTeX/texmf-dist/fonts/type1/public/lm/lmr10.pfb><c:/Users/wb612474/AppData/Roaming/TinyTeX/texmf-dist/fonts/type1/public/lm/lmr17.pfb><c:/Users/wb612474/AppData/Roaming/TinyTeX/texmf-dist/fonts/type1/public/lm/lmr5.pfb><c:/Users/wb612474/AppData/Roaming/TinyTeX/texmf-dist/fonts/type1/public/lm/lmr6.pfb><c:/Users/wb612474/AppData/Roaming/TinyTeX/texmf-dist/fonts/type1/public/lm/lmr7.pfb><c:/Users/wb612474/AppData/Roaming/TinyTeX/texmf-dist/fonts/type1/public/lm/lmr8.pfb><c:/Users/wb612474/AppData/Roaming/TinyTeX/texmf-dist/fonts/type1/public/lm/lmri10.pfb><c:/Users/wb612474/AppData/Roaming/TinyTeX/texmf-dist/fonts/type1/public/lm/lmro10.pfb><c:/Users/wb612474/AppData/Roaming/TinyTeX/texmf-dist/fonts/type1/public/lm/lmsy10.pfb><c:/Users/wb612474/AppData/Roaming/TinyTeX/texmf-dist/fonts/type1/public/lm/lmsy5.pfb><c:/Users/wb612474/AppData/Roaming/TinyTeX/texmf-dist/fonts/type1/public/lm/lmsy7.pfb><c:/Users/wb612474/AppData/Roaming/TinyTeX/texmf-dist/fonts/type1/public/lm/lmtt10.pfb>
Output written on PIP-Methodology.pdf (46 pages, 591961 bytes).
PDF statistics:
 1011 PDF objects out of 1200 (max. 8388607)
 911 compressed objects within 10 object streams
 227 named destinations out of 1000 (max. 500000)
 363 words of extra memory for PDF output out of 10000 (max. 10000000)

